Running Gradle task 'assembleRelease'...                        
lib/src/services/athlete_profile_service.dart:314:13: Error: 'pAerob' is already declared in this scope.
     double pAerob = absVo2max * 0.0115; // User formula adaptation
            ^^^^^^
lib/src/services/athlete_profile_service.dart:212:13: Context: Previous declaration of 'pAerob'.
     double pAerob = _vo2max * 0.0115 * (_weight ?? 70); // VO2max is ml/kg/min usually? 
            ^^^^^^
Target kernel_snapshot_program failed: Exception


FAILURE: Build failed with an exception.

* What went wrong:
Execution failed for task ':app:compileFlutterBuildRelease'.
> Process 'command 'C:\dev\flutter\bin\flutter.bat'' finished with non-zero exit value 1

* Try:
> Run with --stacktrace option to get the stack trace.
> Run with --info or --debug option to get more log output.
> Run with --scan to get full insights.
> Get more help at https://help.gradle.org.

BUILD FAILED in 11s
Running Gradle task 'assembleRelease'...                           12,2s
Gradle task assembleRelease failed with exit code 1
